<?xml version="1.0" encoding="UTF-8"?>
<!-- Generated by org.testng.reporters.JUnitReportReporter -->
<testsuite skipped="0" hostname="Atuls-MacBook-Pro.local" name="com.niyo.mobiles.test.testclass" tests="1" failures="0" timestamp="17 Mar 2020 15:22:15 GMT" time="0.597" errors="0">
  <testcase name="verifystatictextOnHomepage" time="0.597" classname="com.niyo.mobiles.test.testclass"/>
</testsuite> <!-- com.niyo.mobiles.test.testclass -->
