<?xml version="1.0" encoding="UTF-8"?>
<!-- Generated by org.testng.reporters.JUnitReportReporter -->
<testsuite skipped="0" hostname="Atuls-MacBook-Pro.local" name="com.niyo.mobiles.test.testclass" tests="1" failures="0" timestamp="16 Mar 2020 06:46:03 GMT" time="0.375" errors="0">
  <testcase name="verifystatictextOnHomepage" time="0.375" classname="com.niyo.mobiles.test.testclass"/>
</testsuite> <!-- com.niyo.mobiles.test.testclass -->
